Change Component Designator: OldDesignator=B2 NewDesignator=B7
Change Component Designator: OldDesignator=BOTTEN1 NewDesignator=B2
Change Component Designator: OldDesignator=BOTTEN2 NewDesignator=B4
Change Component Designator: OldDesignator=BOTTEN3 NewDesignator=B5
Change Component Designator: OldDesignator=BOTTEN4 NewDesignator=B6
Change Component Designator: OldDesignator=CAP1 NewDesignator=C5
Change Component Designator: OldDesignator=CAP2 NewDesignator=C6
Change Component Designator: OldDesignator=CAP3 NewDesignator=C7
Change Component Designator: OldDesignator=CAP4 NewDesignator=C8
Change Component Designator: OldDesignator=CAP5 NewDesignator=C9
Change Component Designator: OldDesignator=CAP6 NewDesignator=C10
Change Component Designator: OldDesignator=CAP7 NewDesignator=C21
Change Component Designator: OldDesignator=CAP8 NewDesignator=C22
Change Component Designator: OldDesignator=CAP9 NewDesignator=C23
Change Component Designator: OldDesignator=CAP10 NewDesignator=C24
Change Component Designator: OldDesignator=CAP11 NewDesignator=C11
Change Component Designator: OldDesignator=CAP12 NewDesignator=C25
Change Component Designator: OldDesignator=CAP13 NewDesignator=C12
Change Component Designator: OldDesignator=CAP14 NewDesignator=C13
Change Component Designator: OldDesignator=CAP15 NewDesignator=C14
Change Component Designator: OldDesignator=CAP16 NewDesignator=C15
Change Component Designator: OldDesignator=CAP17 NewDesignator=C16
Change Component Designator: OldDesignator=CAP18 NewDesignator=C17
Change Component Designator: OldDesignator=CAP19 NewDesignator=C18
Change Component Designator: OldDesignator=CAP20 NewDesignator=C19
Change Component Designator: OldDesignator=CAP21 NewDesignator=C20
Change Component Designator: OldDesignator=CAP22 NewDesignator=C26
Change Component Designator: OldDesignator=CAP23 NewDesignator=C27
Change Component Designator: OldDesignator=CAP24 NewDesignator=C28
Change Component Designator: OldDesignator=CAP25 NewDesignator=C29
Change Component Designator: OldDesignator=CAP26 NewDesignator=C30
Change Component Designator: OldDesignator=CAP27 NewDesignator=C31
Change Component Designator: OldDesignator=CAP28 NewDesignator=C32
Change Component Designator: OldDesignator=CAP29 NewDesignator=C33
Change Component Designator: OldDesignator=Header 5x2 NewDesignator=P6
Change Component Designator: OldDesignator=RES-D1 NewDesignator=R8
Change Component Designator: OldDesignator=RES-D2 NewDesignator=R9
Change Component Designator: OldDesignator=RES-D3 NewDesignator=R10
Change Component Designator: OldDesignator=RES-D4 NewDesignator=R11
Change Component Designator: OldDesignator=RES-D5 NewDesignator=R12
Change Component Designator: OldDesignator=RES-D6 NewDesignator=R13
Change Component Designator: OldDesignator=RES-D7 NewDesignator=R14
Change Component Designator: OldDesignator=RES-D8 NewDesignator=R15
Change Component Designator: OldDesignator=RES-D9 NewDesignator=R16
Change Component Designator: OldDesignator=RES-D10 NewDesignator=R17
Change Component Designator: OldDesignator=RES-D11 NewDesignator=R18
Change Component Designator: OldDesignator=RES-D12 NewDesignator=R19
Change Component Designator: OldDesignator=RES-D13 NewDesignator=R20
Change Component Designator: OldDesignator=RES-D14 NewDesignator=R21
Change Component Designator: OldDesignator=RES-D15 NewDesignator=R22
Change Component Designator: OldDesignator=RES-D16 NewDesignator=R23
Change Component Designator: OldDesignator=RES-D20 NewDesignator=R24
Change Component Designator: OldDesignator=RES-D21 NewDesignator=R25
Change Component Designator: OldDesignator=RES-D22 NewDesignator=R26
Change Component Designator: OldDesignator=XTAL1 NewDesignator=XT1
Change Component Designator: OldDesignator=XTAL2 NewDesignator=X1
Change Component Designator: OldDesignator=XTAL3 NewDesignator=X2
Change Net Name : Old Net Name=NetB2_5 New Net Name=NetB7_5
Change Net Name : Old Net Name=NetCAP6_1 New Net Name=NetC10_1
Change Net Name : Old Net Name=NetCAP8_2 New Net Name=NetC22_2
Change Net Name : Old Net Name=NetCAP9_2 New Net Name=NetC23_2
Change Net Name : Old Net Name=NetCAP13_2 New Net Name=NetC12_2
Change Net Name : Old Net Name=NetCAP14_2 New Net Name=NetC13_2
Change Net Name : Old Net Name=NetCAP15_2 New Net Name=NetC14_2
Change Net Name : Old Net Name=NetCAP16_2 New Net Name=NetC15_2
Change Net Name : Old Net Name=NetCAP28_2 New Net Name=NetC32_2
Change Net Name : Old Net Name=NetHeader 5x2_1 New Net Name=NetP6_1
Change Net Name : Old Net Name=NetHeader 5x2_3 New Net Name=NetP6_3
Change Net Name : Old Net Name=NetHeader 5x2_4 New Net Name=NetP6_4
Change Net Name : Old Net Name=NetRES-D11_1 New Net Name=NetR18_1
Change Net Name : Old Net Name=NetRES-D15_1 New Net Name=NetR22_1
Added Room: Name=U_ht7111
Added Room: Name=U_PL2303
Added Room: Name=U_µÁ‘¥2
