Change Component Designator: Old Designator=B? New Designator=B1
Change Component Designator: Old Designator=B? New Designator=B2
Change Component Designator: Old Designator=B? New Designator=B3
Change Component Designator: Old Designator=BOTTEN? New Designator=BOTTEN1
Change Component Designator: Old Designator=BOTTEN? New Designator=BOTTEN2
Change Component Designator: Old Designator=BOTTEN? New Designator=BOTTEN3
Change Component Designator: Old Designator=BOTTEN? New Designator=BOTTEN4
Change Component Designator: Old Designator=CAP1? New Designator=CAP17
Change Component Designator: Old Designator=CAP1? New Designator=CAP22
Change Component Designator: Old Designator=CAP1? New Designator=CAP28
Change Component Designator: Old Designator=CAP? New Designator=CAP1
Change Component Designator: Old Designator=CAP? New Designator=CAP2
Change Component Designator: Old Designator=CAP? New Designator=CAP3
Change Component Designator: Old Designator=CAP? New Designator=CAP4
Change Component Designator: Old Designator=CAP? New Designator=CAP5
Change Component Designator: Old Designator=CAP? New Designator=CAP6
Change Component Designator: Old Designator=CAP? New Designator=CAP7
Change Component Designator: Old Designator=CAP? New Designator=CAP8
Change Component Designator: Old Designator=CAP? New Designator=CAP9
Change Component Designator: Old Designator=CAP? New Designator=CAP10
Change Component Designator: Old Designator=CAP? New Designator=CAP11
Change Component Designator: Old Designator=CAP? New Designator=CAP12
Change Component Designator: Old Designator=CAP? New Designator=CAP13
Change Component Designator: Old Designator=CAP? New Designator=CAP14
Change Component Designator: Old Designator=CAP? New Designator=CAP15
Change Component Designator: Old Designator=CAP? New Designator=CAP16
Change Component Designator: Old Designator=CAP? New Designator=CAP18
Change Component Designator: Old Designator=CAP? New Designator=CAP19
Change Component Designator: Old Designator=CAP? New Designator=CAP20
Change Component Designator: Old Designator=CAP? New Designator=CAP21
Change Component Designator: Old Designator=CAP? New Designator=CAP23
Change Component Designator: Old Designator=CAP? New Designator=CAP24
Change Component Designator: Old Designator=CAP? New Designator=CAP25
Change Component Designator: Old Designator=CAP? New Designator=CAP26
Change Component Designator: Old Designator=CAP? New Designator=CAP27
Change Component Designator: Old Designator=CAP? New Designator=CAP29
Change Component Designator: Old Designator=D? New Designator=D1
Change Component Designator: Old Designator=D? New Designator=D2
Change Component Designator: Old Designator=D? New Designator=D3
Change Component Designator: Old Designator=D? New Designator=D4
Change Component Designator: Old Designator=D? New Designator=D5
Change Component Designator: Old Designator=H? New Designator=H1
Change Component Designator: Old Designator=LED? New Designator=LED1
Change Component Designator: Old Designator=LED? New Designator=LED2
Change Component Designator: Old Designator=LED? New Designator=LED3
Change Component Designator: Old Designator=P? New Designator=P1
Change Component Designator: Old Designator=P? New Designator=P2
Change Component Designator: Old Designator=P? New Designator=P3
Change Component Designator: Old Designator=R? New Designator=R1
Change Component Designator: Old Designator=R? New Designator=R2
Change Component Designator: Old Designator=RES-D? New Designator=RES-D1
Change Component Designator: Old Designator=RES-D? New Designator=RES-D2
Change Component Designator: Old Designator=RES-D? New Designator=RES-D3
Change Component Designator: Old Designator=RES-D? New Designator=RES-D4
Change Component Designator: Old Designator=RES-D? New Designator=RES-D5
Change Component Designator: Old Designator=RES-D? New Designator=RES-D6
Change Component Designator: Old Designator=RES-D? New Designator=RES-D7
Change Component Designator: Old Designator=RES-D? New Designator=RES-D8
Change Component Designator: Old Designator=RES-D? New Designator=RES-D9
Change Component Designator: Old Designator=RES-D? New Designator=RES-D10
Change Component Designator: Old Designator=RES-D? New Designator=RES-D11
Change Component Designator: Old Designator=RES-D? New Designator=RES-D12
Change Component Designator: Old Designator=RES-D? New Designator=RES-D13
Change Component Designator: Old Designator=RES-D? New Designator=RES-D14
Change Component Designator: Old Designator=RES-D? New Designator=RES-D15
Change Component Designator: Old Designator=RES-D? New Designator=RES-D16
Change Component Designator: Old Designator=RES-D? New Designator=RES-D17
Change Component Designator: Old Designator=RES-D? New Designator=RES-D18
Change Component Designator: Old Designator=RES-D? New Designator=RES-D19
Change Component Designator: Old Designator=RES-D? New Designator=RES-D20
Change Component Designator: Old Designator=RES-D? New Designator=RES-D21
Change Component Designator: Old Designator=RES-D? New Designator=RES-D22
Change Component Designator: Old Designator=SD? New Designator=SD1
Change Component Designator: Old Designator=U? New Designator=U1
Change Component Designator: Old Designator=U? New Designator=U2
Change Component Designator: Old Designator=U? New Designator=U3
Change Component Designator: Old Designator=U? New Designator=U4
Change Component Designator: Old Designator=XTAL? New Designator=XTAL1
Change Component Designator: Old Designator=XTAL? New Designator=XTAL2
Change Component Designator: Old Designator=XTAL? New Designator=XTAL3
