C51 COMPILER V9.52.0.0   CHAOSH                                                            04/22/2014 12:07:52 PAGE 1   


C51 COMPILER V9.52.0.0, COMPILATION OF MODULE CHAOSH
OBJECT MODULE PLACED IN chaosh.OBJ
COMPILER INVOKED BY: D:\Keil\keilv4.73\C51\BIN\C51.EXE chaosh.c BROWSE DEBUG OBJECTEXTEND TABS(2)

line level    source

   1          #include<AT89X51.H>
   2          #include<intrins.h>
   3          #include<stdio.h>
   4          
   5          #define uchar unsigned char
   6          #define uint unsigned int
   7          #define nop _nop_()
   8          
   9          sbit LCD_RS=P3^5;//定义引脚
  10          sbit LCD_RW=P3^6;
  11          sbit LCD_E=P3^4;
  12          sbit PSB =P3^1;   //PSB脚为12864-12系列的串、并通讯功能切换，我们使用8位并行接口，PSB=1
  13          ////////////////////////////////////csb发射接收角//////////////////////////
  14          sbit in1=P1^4;//超声波接收到
  15          sbit in2=P1^5;
  16          sbit in3=P1^6;//超声波接收到
  17          sbit in4=P1^7;
  18          
  19          sbit csb1=P1^0;//40KHz超声波发射脚
  20          sbit csb2=P1^1;
  21          sbit csb3=P1^2;
  22          sbit csb4=P1^3;
  23          /////////////////////////////////////////////////
  24          #define LCD_Data P0
  25          #define Busy    0x80 //用于检测LCD状态字中的Busy标识
  26          
  27          /****************************/
  28          void init(void);//初始化函数
  29          void delay_nms(uint n);//延时MS函数
  30          void delay100us();//延时usus
  31          void display(uint dat);//数值显示函数
  32          void tran1(void);//超声波发射函数
  33          void tran2(void);
  34          void tran3(void);//3csb接收共1csb接收中断
  35          void tran4(void);//4csb接收供2csb接收中断
  36          /***************************/
  37          
  38          /*************************/
  39          void WriteDataLCD(unsigned char WDLCD);
  40          void WriteCommandLCD(unsigned char WCLCD,BuysC);
  41          unsigned char ReadDataLCD(void);
  42          unsigned char ReadStatusLCD(void);
  43          void LCDInit(void);
  44          void LCDClear(void);
  45          //void LCDFlash(void);
  46          void DisplayOneChar(unsigned char X, unsigned char Y, unsigned char DData);
  47          void DisplayListChar(unsigned char X, unsigned char Y, unsigned char code *DData);
  48          //void DisplayImage (unsigned char code *DData);
  49          void Delay5Ms(void);
  50          void Delay400Ms(void);
  51          /*************************/
  52          uint dis1,dis2,dis3,dis4,H=100,L=20;
  53          uchar flag1=0,flag2=0,high_time1,low_time1,high_time2,low_time2,m=0;
  54          
  55          unsigned char  shuju[5];
C51 COMPILER V9.52.0.0   CHAOSH                                                            04/22/2014 12:07:52 PAGE 2   

  56          
  57          void  delay100us()
  58          {
  59   1          uchar i;
  60   1              for(i=0;i<50;i++)
  61   1                  ;
  62   1      }
  63          
  64          
  65          /**********************************
  66          ///////////////////////////*/
  67          void main(void)
  68          {
  69   1         Delay400Ms(); //启动等待，等LCD讲入工作状态
  70   1       LCDInit(); //LCM初始化
  71   1       Delay5Ms(); //延时片刻(可不要)
  72   1        
  73   1      init();
  74   1        while(1) //
  75   1      {
  76   2      
  77   2        uint i;
  78   2      init();
  79   2      tran1();//超声波发射
  80   2      display(dis1);///////////////////////////////
  81   2      delay_nms(10);  
  82   2        
  83   2          LCDClear();//清屏
  84   2          Delay400Ms();
  85   2          LCDClear();
  86   2        
  87   2          for(i=0;i<5;i++)
  88   2          DisplayOneChar(i,1,shuju[i]); //显示字库中的中文数子
  89   2      
  90   2      
  91   2      
  92   2      //  ////////////////////////////////此处可不用清屏
  93   2      //  tran2();//超声波发射
  94   2      //display(dis2);///////////////////////////////
  95   2      //delay_nms(10);  
  96   2      //  
  97   2      
  98   2      //    for(i=0;i<5;i++)
  99   2      //    DisplayOneChar(i,2,shuju[i]); //显示字库中的中文数子
 100   2      //    
 101   2      //    Delay400Ms();
 102   2      //    Delay400Ms();//通过延时防止因csb1接收引起中断
 103   2      //        Delay400Ms();
 104   2      //    Delay400Ms();
 105   2      //        Delay400Ms();
 106   2      //    Delay400Ms();
 107   2      //  ///////////////////////////////////////////////////
 108   2      //tran3();//超声波发射3共1
 109   2      //display(dis3);///////////////////////////////
 110   2      //delay_nms(10);  
 111   2      
 112   2      //  
 113   2      //    for(i=0;i<5;i++)
 114   2      //    DisplayOneChar(i,3,shuju[i]); //显示字库中的中文数子
 115   2      
 116   2      //  tran4();//超声波发射
 117   2      //display(dis4);///////////////////////////////
C51 COMPILER V9.52.0.0   CHAOSH                                                            04/22/2014 12:07:52 PAGE 3   

 118   2      //delay_nms(10);  
 119   2      //  
 120   2      //    for(i=0;i<5;i++)
 121   2      //    DisplayOneChar(i,4,shuju[i]); //显示字库中的中文数子
 122   2          Delay400Ms();
 123   2          Delay400Ms();
 124   2      }
 125   1      }
 126          /**********************************
 127          初始化
 128          **********************************/
 129          void init(void)
 130          {
 131   1        P0=0XFF;
 132   1        P1=0XFF;
 133   1        P2=0XFF;
 134   1        P3=0XFF;
 135   1        TMOD=0x11;//计时  器1和计时器0工作放肆
 136   1        
 137   1        TH1=0X00;
 138   1        TL1=0X00;
 139   1        TH0=0;//对定时器0初四画
 140   1        TL0=0; //
 141   1        
 142   1        EA=1; 
 143   1        IT1=1;
 144   1        IT0=1;//
 145   1          //对定时器1进行初始化
 146   1      }
 147          /**********************************
 148          延时1
 149          **********************************/
 150          void delay_nms(uint n)
 151          {
 152   1      uchar i; 
 153   1      while(n--)
 154   1      {
 155   2      for(i=123;i>0;i--);
 156   2      }
 157   1      }
 158          /**********************************
 159          超声波发射
 160          **********************************/
 161          void tran1(void)
 162          {
 163   1      uchar i;
 164   1      float temp;
 165   1      TH0=0;
 166   1      TL0=0;//
 167   1      TR0=1;//定时器0打开
 168   1        delay_nms(10);  
 169   1      for(i=8;i>0;i--)
 170   1      {
 171   2      csb1=!csb1;
 172   2      nop;
 173   2      nop;
 174   2      nop;
 175   2      nop;
 176   2      nop;
 177   2      nop;
 178   2      nop;
 179   2      nop;
C51 COMPILER V9.52.0.0   CHAOSH                                                            04/22/2014 12:07:52 PAGE 4   

 180   2      nop;
 181   2      }
 182   1      csb1=1;
 183   1      delay_nms(1);
 184   1      
 185   1      if(in1==1)
 186   1      {
 187   2      nop;
 188   2      nop;
 189   2      nop;
 190   2      nop;
 191   2      nop;
 192   2      nop;
 193   2      while(in1==0) //将所测的时间数转换成距离
 194   2      { //
 195   3        uint tmp;
 196   3        TR0=0;//关闭定时器；
 197   3        ET0=0;//关闭定时器允许位
 198   3        tmp=TH0*256+TL0; //对计数器数值的提取
 199   3            if((tmp>0)&&(tmp<60000))//判断所测得计时值是否在量程类
 200   3              {
 201   4              high_time1=TH0;//对时间的提取
 202   4              low_time1=TL0;
 203   4      
 204   4              }
 205   3              else //若超出量程时对所记值回零
 206   3              {
 207   4              high_time1=0;
 208   4              low_time1=0; 
 209   4              } 
 210   3      temp=high_time1*256+low_time1;
 211   3      temp=(temp/1000)/2;
 212   3      temp*=340;
 213   3      temp=temp/10;
 214   3      dis1=(unsigned int)temp;//dis将直接用于仙四函数
 215   3              break;
 216   3      }
 217   2      }
 218   1      }
 219          ///////////////////////////////////
 220          void display(uint dat)
 221          {
 222   1      
 223   1          uchar i,j,k;//定义变量
 224   1      i=dat/100;//白
 225   1      j=dat%100/10;//十位
 226   1      k=dat%100%10;//个 
 227   1      
 228   1      
 229   1        shuju[0]=i+48;
 230   1          shuju[1]='.';
 231   1          shuju[2]=j+48;
 232   1          shuju[3]=k+48;
 233   1          shuju[4]=109;//或者shuju[4]='m'；
 234   1      }
 235          ////////////////////////////////////////////
 236          //1写数据
 237          void WriteDataLCD(unsigned char WDLCD)
 238          {
 239   1       ReadStatusLCD(); //检测忙 
 240   1       LCD_RS = 1;
 241   1       LCD_RW = 0;
C51 COMPILER V9.52.0.0   CHAOSH                                                            04/22/2014 12:07:52 PAGE 5   

 242   1       LCD_Data = WDLCD;
 243   1       LCD_E = 1;
 244   1       LCD_E = 1;
 245   1       LCD_E = 1;
 246   1       LCD_E = 0;
 247   1      }
 248          
 249          //2写指令
 250          void WriteCommandLCD(unsigned char WCLCD,BuysC) //BuysC为0时忽略忙检测
 251          {
 252   1       if (BuysC) ReadStatusLCD(); //根据需要检测忙 
 253   1       LCD_RS = 0;
 254   1       LCD_RW = 0; 
 255   1       LCD_Data = WCLCD;
 256   1       LCD_E = 1; 
 257   1       LCD_E = 1;
 258   1       LCD_E = 1;
 259   1       LCD_E = 0;  
 260   1      }
 261          
 262          //3读数据
 263          unsigned char ReadDataLCD(void)
 264          {
 265   1       LCD_RS = 1; 
 266   1       LCD_RW = 1;
 267   1       LCD_E = 0;
 268   1       LCD_E = 0;
 269   1       LCD_E = 1;
 270   1       return(LCD_Data);
 271   1      }
 272          
 273          //4读状态
 274          unsigned char ReadStatusLCD(void)
 275          {
 276   1       LCD_Data = 0xFF; 
 277   1       LCD_RS = 0;
 278   1       LCD_RW = 1; 
 279   1       LCD_E = 1;
 280   1       while (LCD_Data & Busy); //检测忙信号
 281   1       LCD_E = 0;
 282   1       return(LCD_Data);
 283   1      }
 284          
 285          void LCDInit(void) //5LCM初始化
 286          {
 287   1       WriteCommandLCD(0x30,1); //显示模式设置,开始要求每次检测忙信号
 288   1       WriteCommandLCD(0x01,1); //显示清屏
 289   1       WriteCommandLCD(0x06,1); // 显示光标移动设置
 290   1       WriteCommandLCD(0x0C,1); // 显示开及光标设置
 291   1      }
 292          void LCDClear(void) //6清屏
 293          {
 294   1       WriteCommandLCD(0x01,1); //显示清屏
 295   1       WriteCommandLCD(0x34,1); // 显示光标移动设置
 296   1       WriteCommandLCD(0x30,1); // 显示开及光标设置
 297   1      }
 298          
 299          void DisplayOneChar(unsigned char X, unsigned char Y, unsigned char DData)
 300          {
 301   1       if(Y<1)
 302   1        Y=1;
 303   1       if(Y>4)
C51 COMPILER V9.52.0.0   CHAOSH                                                            04/22/2014 12:07:52 PAGE 6   

 304   1        Y=4;
 305   1       X &= 0x0F; //限制X不能大于16，Y不能大于1
 306   1       switch(Y){
 307   2        case 1:X|=0X80;break;
 308   2        case 2:X|=0X90;break;
 309   2        case 3:X|=0X88;break;
 310   2        case 4:X|=0X98;break;
 311   2        }
 312   1       WriteCommandLCD(X, 0); //这里不检测忙信号，发送地址码
 313   1       WriteDataLCD(DData);
 314   1      }
 315          
 316          //9按指定位置显示一串字符
 317          void DisplayListChar(unsigned char X, unsigned char Y, unsigned char code *DData)
 318          {
 319   1       unsigned char ListLength,X2;
 320   1        ListLength = 0;
 321   1        X2=X;
 322   1       if(Y<1)
 323   1        Y=1;
 324   1       if(Y>4)
 325   1        Y=4;
 326   1       X &= 0x0F; //限制X不能大于16，Y在1-4之内
 327   1       switch(Y){
 328   2        case 1:X2|=0X80;break;  //根据行数来选择相应地址
 329   2        case 2:X2|=0X90;break;
 330   2        case 3:X2|=0X88;break;
 331   2        case 4:X2|=0X98;break;
 332   2        }
 333   1       WriteCommandLCD(X2, 1); //10发送地址码
 334   1        while (DData[ListLength]>=0x20) //若到达字串尾则退出
 335   1        {
 336   2         if (X <= 0x0F) //X坐标应小于0xF
 337   2          {
 338   3           WriteDataLCD(DData[ListLength]); //
 339   3           ListLength++;
 340   3         X++;
 341   3         Delay5Ms();
 342   3          }
 343   2        }
 344   1      }
 345          //125ms延时
 346          void Delay5Ms(void)
 347          {
 348   1       unsigned int TempCyc = 5552;
 349   1       while(TempCyc--);
 350   1      }
 351          
 352          //13400ms延时
 353          void Delay400Ms(void)
 354          {
 355   1       unsigned char TempCycA = 5;
 356   1       unsigned int TempCycB;
 357   1       while(TempCycA--)
 358   1       {
 359   2        TempCycB=7269;
 360   2        while(TempCycB--);
 361   2       };
 362   1      }
 363          
 364          
 365          
C51 COMPILER V9.52.0.0   CHAOSH                                                            04/22/2014 12:07:52 PAGE 7   

 366          


MODULE INFORMATION:   STATIC OVERLAYABLE
   CODE SIZE        =    792    ----
   CONSTANT SIZE    =   ----    ----
   XDATA SIZE       =   ----    ----
   PDATA SIZE       =   ----    ----
   DATA SIZE        =     24      17
   IDATA SIZE       =   ----    ----
   BIT SIZE         =   ----    ----
END OF MODULE INFORMATION.


C51 COMPILATION COMPLETE.  0 WARNING(S),  0 ERROR(S)
