Removed Pin From Net: NetName=VIN Pin=D2-2
Removed Pin From Net: NetName=VIN- Pin=D5-1
Removed Pin From Net: NetName=VIN Pin=D8-1
Removed Pin From Net: NetName=VIN- Pin=D9-2
Removed Member From Class: ClassName=PVCπ‹ºÏ≤‚Õº Member=C2
Removed Member From Class: ClassName=PVCπ‹ºÏ≤‚Õº Member=R15
Change Component Footprint: Designator=D9 Old Footprint=SMC New Footprint=res
Change Component Comment : Designator=D9 Old Comment=Diode New Comment=IN4148
Change Component Designator: OldDesignator=* NewDesignator=*1
Change Component Designator: OldDesignator=* NewDesignator=*2
Change Component Designator: OldDesignator=* NewDesignator=*3
Change Component Designator: OldDesignator=* NewDesignator=*4
Change Component Designator: OldDesignator=b NewDesignator=b1
Change Component Designator: OldDesignator=C1 NewDesignator=C6
Change Component Designator: OldDesignator=C2 NewDesignator=C1
Change Component Designator: OldDesignator=C6 NewDesignator=C12
Change Component Designator: OldDesignator=C7 NewDesignator=C10
Change Component Designator: OldDesignator=C8 NewDesignator=C7
Change Component Designator: OldDesignator=C9 NewDesignator=C8
Change Component Designator: OldDesignator=C10 NewDesignator=C9
Change Component Designator: OldDesignator=C12 NewDesignator=C13
Change Component Designator: OldDesignator=c NewDesignator=c2
Change Component Designator: OldDesignator=D1 NewDesignator=D7
Change Component Designator: OldDesignator=D2 NewDesignator=D8
Change Component Designator: OldDesignator=D3 NewDesignator=D4
Change Component Designator: OldDesignator=D4 NewDesignator=D5
Change Component Designator: OldDesignator=D5 NewDesignator=D2
Change Component Designator: OldDesignator=D5 NewDesignator=D6
Change Component Designator: OldDesignator=D6 NewDesignator=D1
Change Component Designator: OldDesignator=D6 NewDesignator=D3
Change Component Designator: OldDesignator=d NewDesignator=d11
Change Component Designator: OldDesignator=L1 NewDesignator=L2
Change Component Designator: OldDesignator=L2 NewDesignator=L1
Change Component Designator: OldDesignator=NE555 NewDesignator=NE1
Change Component Designator: OldDesignator=R1 NewDesignator=R2
Change Component Designator: OldDesignator=R2 NewDesignator=R3
Change Component Designator: OldDesignator=R3 NewDesignator=R7
Change Component Designator: OldDesignator=R7 NewDesignator=R1
Change Component Designator: OldDesignator=R9 NewDesignator=R11
Change Component Designator: OldDesignator=R10 NewDesignator=R12
Change Component Designator: OldDesignator=R11 NewDesignator=R9
Change Component Designator: OldDesignator=R15 NewDesignator=R10
Change Component Designator: OldDesignator=RW NewDesignator=RW1
Added Component: Designator=D10(res)
Added Component: Designator=D12(res)
Added Pin To Net: NetName=GND Pin=*1-1
Added Pin To Net: NetName=GND Pin=*2-2
Added Pin To Net: NetName=GND Pin=*3-1
Added Pin To Net: NetName=VIN- Pin=*3-3
Added Pin To Net: NetName=GND Pin=*4-2
Added Pin To Net: NetName=NetC3_2 Pin=D1-1
Added Pin To Net: NetName=VIN- Pin=D6-1
Added Pin To Net: NetName=NetC9_2 Pin=D8-2
Added Pin To Net: NetName=VIN Pin=D9-2
Added Pin To Net: NetName=VIN Pin=D10-1
Added Pin To Net: NetName=VIN- Pin=D12-2
Change Net Name : Old Net Name=Netb_2 New Net Name=Netb1_2
Change Net Name : Old Net Name=Netb_3 New Net Name=Netb1_3
Change Net Name : Old Net Name=Netb_6 New Net Name=Netb1_6
Change Net Name : Old Net Name=NetC2_1 New Net Name=NetC1_1
Change Net Name : Old Net Name=NetC6_2 New Net Name=NetC10_2
Change Net Name : Old Net Name=NetC8_2 New Net Name=Netc2_7
Change Net Name : Old Net Name=NetC9_2 New Net Name=NetC8_2
Change Net Name : Old Net Name=NetC10_1 New Net Name=NetC9_1
Change Net Name : Old Net Name=NetC10_2 New Net Name=NetC9_2
Change Net Name : Old Net Name=Netc_2 New Net Name=Netc2_2
Change Net Name : Old Net Name=Netc_3 New Net Name=Netc2_3
Change Net Name : Old Net Name=Netc_6 New Net Name=Netc2_6
Change Net Name : Old Net Name=NetD1_1 New Net Name=NetD7_1
Change Net Name : Old Net Name=NetD1_2 New Net Name=NetD7_2
Change Net Name : Old Net Name=NetR1_1 New Net Name=NetR2_1
Change Net Name : Old Net Name=NetR4_2 New Net Name=NetR1_2
Added Pin To Net: NetName=Net*1_2 Pin=*1-2
Added Pin To Net: NetName=Net*1_2 Pin=D1-2
Added Pin To Net: NetName=Net*1_2 Pin=D2-1
Added Net: Name=Net*1_2
Added Pin To Net: NetName=Net*2_1 Pin=*2-1
Added Pin To Net: NetName=Net*2_1 Pin=D4-1
Added Pin To Net: NetName=Net*2_1 Pin=D5-2
Added Net: Name=Net*2_1
Added Pin To Net: NetName=Net*3_2 Pin=*3-2
Added Pin To Net: NetName=Net*3_2 Pin=D9-1
Added Net: Name=Net*3_2
Added Pin To Net: NetName=Netb1_4 Pin=b1-4
Added Pin To Net: NetName=Netb1_4 Pin=C11-2
Added Pin To Net: NetName=Netb1_4 Pin=D12-1
Added Net: Name=Netb1_4
Added Pin To Net: NetName=Netb1_7 Pin=b1-7
Added Pin To Net: NetName=Netb1_7 Pin=C13-2
Added Pin To Net: NetName=Netb1_7 Pin=D10-2
Added Net: Name=Netb1_7
Added Pin To Net: NetName=Netc2_4 Pin=c2-4
Added Pin To Net: NetName=Netc2_4 Pin=C6-2
Added Pin To Net: NetName=Netc2_4 Pin=D6-2
Added Net: Name=Netc2_4
Added Pin To Net: NetName=NetD8_1 Pin=D8-1
Added Pin To Net: NetName=NetD8_1 Pin=NE1-7
Added Pin To Net: NetName=NetD8_1 Pin=R3-3
Added Net: Name=NetD8_1
Added Member To Class: ClassName=PVCπ‹ºÏ≤‚Õº Member=Component *1 chazhn2x1
Added Member To Class: ClassName=PVCπ‹ºÏ≤‚Õº Member=Component *2 chazhn2x1
Added Member To Class: ClassName=PVCπ‹ºÏ≤‚Õº Member=Component *4 12EN
Added Member To Class: ClassName=PVCπ‹ºÏ≤‚Õº Member=Component C13 Cap
Added Member To Class: ClassName=PVCπ‹ºÏ≤‚Õº Member=Component D7 IN4148
Added Member To Class: ClassName=PVCπ‹ºÏ≤‚Õº Member=Component D10 IN4148
Added Member To Class: ClassName=PVCπ‹ºÏ≤‚Õº Member=Component D12 IN4148
Added Member To Class: ClassName=PVCπ‹ºÏ≤‚Õº Member=Component R12 Res2
