Removed Pin From Net: NetName=Net*_1 Pin=*-1
Removed Pin From Net: NetName=Net*_2 Pin=*-2
Removed Pin From Net: NetName=GND Pin=a-1
Removed Pin From Net: NetName=NetC3_2 Pin=D3-1
Removed Pin From Net: NetName=Net*_2 Pin=D3-2
Removed Pin From Net: NetName=Net*_1 Pin=D4-1
Removed Pin From Net: NetName=NetC3_2 Pin=D4-2
Removed Pin From Net: NetName=Net*_2 Pin=D5-1
Removed Pin From Net: NetName=NetC4_2 Pin=D6-1
Removed Pin From Net: NetName=Net*_1 Pin=D6-2
Removed Pin From Net: NetName=VCC Pin=D7-1
Removed Pin From Net: NetName=NetC8_2 Pin=D7-3
Removed Pin From Net: NetName=VCC Pin=D8-1
Removed Pin From Net: NetName=VCC Pin=D9-2
Removed Member From Class: ClassName=PVCπ‹ºÏ≤‚Õº Member=a
Removed Member From Class: ClassName=PVCπ‹ºÏ≤‚Õº Member=D7
Change Component Footprint: Designator=D1 Old Footprint=SMC New Footprint=res
Change Component Footprint: Designator=D2 Old Footprint=SMC New Footprint=res
Change Component Footprint: Designator=D3 Old Footprint=SMC New Footprint=res
Change Component Footprint: Designator=D4 Old Footprint=SMC New Footprint=res
Change Component Footprint: Designator=D5 Old Footprint=SMC New Footprint=res
Change Component Footprint: Designator=D6 Old Footprint=SMC New Footprint=res
Change Component Comment : Designator=D3 Old Comment=IN4007 New Comment=IN4148
Change Component Comment : Designator=D4 Old Comment=IN4007 New Comment=IN4148
Change Component Comment : Designator=D5 Old Comment=IN4007 New Comment=IN4148
Change Component Comment : Designator=D6 Old Comment=IN4007 New Comment=IN4148
Added Component: Designator=*(feng)
Added Component: Designator=D5(res)
Added Component: Designator=D6(res)
Added Pin To Net: NetName=GND Pin=*-1
Added Pin To Net: NetName=GND Pin=*-1
Added Pin To Net: NetName=Net*_1 Pin=*-1
Added Pin To Net: NetName=GND Pin=*-2
Added Pin To Net: NetName=GND Pin=*-2
Added Pin To Net: NetName=Net*_2 Pin=*-2
Added Pin To Net: NetName=VCC Pin=*-3
Added Pin To Net: NetName=Net*_2 Pin=D2-1
Added Pin To Net: NetName=Net*_1 Pin=D3-1
Added Pin To Net: NetName=NetC3_2 Pin=D3-2
Added Pin To Net: NetName=NetC4_2 Pin=D4-1
Added Pin To Net: NetName=Net*_1 Pin=D4-2
Added Pin To Net: NetName=NetC1_2 Pin=D5-2
Added Pin To Net: NetName=NetC3_2 Pin=D6-1
Added Pin To Net: NetName=NetC8_2 Pin=D6-2
Added Pin To Net: NetName=VIN- Pin=*-3
Added Pin To Net: NetName=VIN- Pin=D5-1
Added Pin To Net: NetName=VIN- Pin=D9-2
Added Net: Name=VIN-
Added Pin To Net: NetName=VIN Pin=*-1
Added Pin To Net: NetName=VIN Pin=D2-2
Added Pin To Net: NetName=VIN Pin=D6-1
Added Pin To Net: NetName=VIN Pin=D8-1
Added Net: Name=VIN
