Removed Pin From Net: NetName=NetC2_2 Pin=Q1-1
Removed Pin From Net: NetName=VCC5 Pin=Q1-3
Removed Pin From Net: NetName=GND Pin=Q2-1
Removed Pin From Net: NetName=VCC5 Pin=Q2-3
Removed Member From Class: ClassName=U_刘师STM32 Member=BEEF1
Change Component DesignItemId : Designator=Q1 Old DesignItemId=S855X New DesignItemId=S8550
Change Component DesignItemId : Designator=Q2 Old DesignItemId=S855X New DesignItemId=S8550
Change Component Comment : Designator=Q1 Old Comment=S855X New Comment=S8550
Change Component Comment : Designator=Q2 Old Comment=S855X New Comment=S8550
Change Component Description : Designator=Q1 Old Description= New Description=sot 32
Change Component Description : Designator=Q2 Old Description= New Description=sot 32
Added Component: Designator=P?(heard2x1)
Added Pin To Net: NetName=VCC5 Pin=P?-2
Added Pin To Net: NetName=VCC5 Pin=Q1-2
Added Pin To Net: NetName=NetC2_2 Pin=Q1-3
Added Pin To Net: NetName=GND Pin=Q2-2
Added Pin To Net: NetName=NetP?_1 Pin=P?-1
Added Pin To Net: NetName=NetP?_1 Pin=Q2-3
Added Net: Name=NetP?_1
Added Pin To Net: NetName=NetQ1_1 Pin=Q1-1
Added Pin To Net: NetName=NetQ1_1 Pin=R3-2
Added Net: Name=NetQ1_1
Added Pin To Net: NetName=NetQ2_1 Pin=Q2-1
Added Pin To Net: NetName=NetQ2_1 Pin=Rfm-1
Added Net: Name=NetQ2_1
Added Member To Class: ClassName=U_刘师STM32 Member=Component P? Header 2
Added Room: Name=U_ht7111
Added Room: Name=U_刘师STM32
Added Room: Name=U_电源2
Added Room: Name=U_电源
